Information: Updating design information... (UID-85)
Warning: Design 'MyDesign' contains 1 high-fanout nets. A fanout number of 1000 will be used for delay calculations involving these nets. (TIM-134)
 
****************************************
Report : timing
        -path full
        -delay max
        -max_paths 1
Design : MyDesign
Version: K-2015.06-SP1
Date   : Wed Nov 16 04:43:33 2016
****************************************

 # A fanout number of 1000 was used for high fanout net computations.

Operating Conditions: slow   Library: NangateOpenCellLibrary_PDKv1_2_v2008_10_slow_nldm
Wire Load Model Mode: top

  Startpoint: cycle_reg[3]
              (rising edge-triggered flip-flop clocked by clock)
  Endpoint: U1/z1_reg[21]
            (rising edge-triggered flip-flop clocked by clock)
  Path Group: clock
  Path Type: max

  Point                                                   Incr       Path
  --------------------------------------------------------------------------
  clock clock (rise edge)                               0.0000     0.0000
  clock network delay (ideal)                           0.0000     0.0000
  cycle_reg[3]/CK (DFF_X2)                              0.0000 #   0.0000 r
  cycle_reg[3]/Q (DFF_X2)                               0.6246     0.6246 f
  U9212/ZN (AND3_X2)                                    0.3440     0.9686 f
  U9184/ZN (NAND2_X2)                                   0.1746     1.1432 r
  U9913/ZN (INV_X4)                                     0.0560     1.1991 f
  U9188/ZN (NAND2_X2)                                   0.1794     1.3785 r
  U9162/ZN (OAI222_X4)                                  0.1797     1.5583 f
  U9161/ZN (OR4_X4)                                     0.7636     2.3218 f
  U1/inst_a[0] (div_pipe)                               0.0000     2.3218 f
  U1/U3878/ZN (INV_X4)                                  0.1011     2.4229 r
  U1/U327/ZN (NAND2_X4)                                 0.0694     2.4923 f
  U1/U123/ZN (OAI21_X2)                                 0.2845     2.7768 r
  U1/U3877/ZN (INV_X4)                                  0.0403     2.8171 f
  U1/U298/ZN (AOI21_X2)                                 0.3175     3.1346 r
  U1/U3876/ZN (INV_X4)                                  0.0736     3.2081 f
  U1/U2865/ZN (NAND3_X2)                                0.1769     3.3851 r
  U1/U180/ZN (OAI211_X2)                                0.1645     3.5496 f
  U1/U245/ZN (NAND3_X2)                                 0.1936     3.7432 r
  U1/U56/ZN (AOI21_X4)                                  0.0972     3.8404 f
  U1/U67/ZN (OAI21_X2)                                  0.2497     4.0901 r
  U1/U66/ZN (NAND2_X4)                                  0.1222     4.2123 f
  U1/U2859/ZN (NAND4_X2)                                0.2155     4.4278 r
  U1/U2855/ZN (NAND3_X2)                                0.1421     4.5699 f
  U1/U1313/ZN (INV_X4)                                  0.0745     4.6444 r
  U1/U1309/ZN (NOR2_X2)                                 0.0506     4.6950 f
  U1/U358/ZN (NOR3_X4)                                  0.1321     4.8271 r
  U1/U3809/ZN (OAI21_X2)                                0.1386     4.9657 f
  U1/U16/ZN (AOI21_X4)                                  0.1852     5.1509 r
  U1/U15/ZN (OAI21_X4)                                  0.1330     5.2838 f
  U1/U328/ZN (AOI21_X4)                                 0.2204     5.5042 r
  U1/U129/ZN (INV_X4)                                   0.1861     5.6903 f
  U1/U1/U3/u_mx_PartRem_0_25_0/Z (MUX2_X2)              0.3726     6.0629 r
  U1/U3840/ZN (INV_X4)                                  0.0382     6.1012 f
  U1/U218/ZN (OAI21_X2)                                 0.2730     6.3742 r
  U1/U3673/ZN (OAI211_X2)                               0.1792     6.5534 f
  U1/U3669/ZN (OAI211_X2)                               0.3117     6.8651 r
  U1/U4297/ZN (AND3_X4)                                 0.2450     7.1100 r
  U1/U458/ZN (OAI21_X2)                                 0.0794     7.1895 f
  U1/U22/ZN (AOI21_X4)                                  0.1368     7.3263 r
  U1/U1102/ZN (NOR2_X2)                                 0.1179     7.4442 f
  U1/U4337/ZN (OR4_X2)                                  0.6266     8.0707 f
  U1/U254/ZN (OAI211_X2)                                0.2723     8.3430 r
  U1/U3517/ZN (INV_X4)                                  0.0800     8.4230 f
  U1/U758/ZN (OAI221_X4)                                0.2483     8.6713 r
  U1/U40/ZN (AOI21_X4)                                  0.1236     8.7949 f
  U1/U128/ZN (OAI21_X2)                                 0.2912     9.0861 r
  U1/U3541/ZN (AOI22_X2)                                0.1629     9.2491 f
  U1/U134/ZN (OAI21_X2)                                 0.2874     9.5365 r
  U1/U64/ZN (AOI21_X1)                                  0.1880     9.7245 f
  U1/U63/ZN (INV_X8)                                    0.2675     9.9920 r
  U1/U1/U3/u_mx_PartRem_0_24_2/Z (MUX2_X2)              0.8370    10.8290 f
  U1/U513/ZN (NOR2_X4)                                  0.2170    11.0460 r
  U1/U3810/ZN (INV_X4)                                  0.0413    11.0873 f
  U1/U106/ZN (OAI211_X2)                                0.2455    11.3327 r
  U1/U3768/ZN (OAI211_X2)                               0.1878    11.5206 f
  U1/U318/ZN (AND3_X4)                                  0.2892    11.8097 f
  U1/U3821/ZN (OAI21_X2)                                0.2337    12.0434 r
  U1/U253/ZN (AOI21_X2)                                 0.0972    12.1406 f
  U1/U252/ZN (NOR2_X2)                                  0.2842    12.4247 r
  U1/U4332/ZN (OR4_X2)                                  0.2525    12.6772 r
  U1/U3538/ZN (OAI211_X2)                               0.1296    12.8068 f
  U1/U282/ZN (AOI221_X2)                                0.3092    13.1160 r
  U1/U442/ZN (INV_X4)                                   0.0583    13.1743 f
  U1/U122/ZN (AOI21_X2)                                 0.2617    13.4360 r
  U1/U3735/ZN (OAI21_X2)                                0.1651    13.6011 f
  U1/U432/ZN (AOI22_X4)                                 0.3885    13.9896 r
  U1/U3731/ZN (OAI21_X2)                                0.1474    14.1370 f
  U1/U375/ZN (AOI21_X2)                                 0.3238    14.4608 r
  U1/U3324/ZN (INV_X4)                                  0.1576    14.6184 f
  U1/U1/U3/u_mx_PartRem_0_23_2/Z (MUX2_X2)              0.3375    14.9560 r
  U1/U1344/ZN (NOR2_X2)                                 0.0794    15.0354 f
  U1/U3773/ZN (INV_X4)                                  0.0941    15.1295 r
  U1/U3812/ZN (OAI211_X2)                               0.1231    15.2526 f
  U1/U3811/ZN (OAI211_X2)                               0.3117    15.5643 r
  U1/U4249/ZN (AND3_X4)                                 0.2450    15.8093 r
  U1/U459/ZN (OAI21_X2)                                 0.0794    15.8887 f
  U1/U144/ZN (AOI21_X4)                                 0.1368    16.0255 r
  U1/U1332/ZN (NOR2_X2)                                 0.1179    16.1434 f
  U1/U4328/ZN (OR4_X2)                                  0.6266    16.7699 f
  U1/U105/ZN (OAI211_X2)                                0.2723    17.0422 r
  U1/U3498/ZN (INV_X4)                                  0.0800    17.1222 f
  U1/U162/ZN (OAI221_X4)                                0.2437    17.3659 r
  U1/U24/ZN (AOI21_X4)                                  0.1579    17.5238 f
  U1/U155/ZN (OAI21_X4)                                 0.2491    17.7729 r
  U1/U3351/ZN (AOI22_X2)                                0.1583    17.9312 f
  U1/U460/ZN (OAI21_X4)                                 0.2951    18.2263 r
  U1/U130/ZN (AOI21_X2)                                 0.1322    18.3585 f
  U1/U320/ZN (INV_X4)                                   0.4116    18.7701 r
  U1/U1/U3/u_mx_PartRem_0_22_4/Z (MUX2_X2)              0.8496    19.6197 f
  U1/U212/ZN (NOR2_X2)                                  0.2368    19.8565 r
  U1/U3744/ZN (INV_X4)                                  0.0513    19.9079 f
  U1/U3455/ZN (AOI22_X2)                                0.3279    20.2358 r
  U1/U3722/ZN (INV_X4)                                  0.0496    20.2854 f
  U1/U103/ZN (OAI21_X2)                                 0.1916    20.4770 r
  U1/U3844/ZN (AOI21_X2)                                0.1121    20.5891 f
  U1/U490/ZN (NOR2_X4)                                  0.2290    20.8181 r
  U1/U413/ZN (NOR4_X2)                                  0.1259    20.9440 f
  U1/U175/ZN (AOI211_X4)                                0.4979    21.4419 r
  U1/U174/ZN (OAI221_X2)                                0.1919    21.6338 f
  U1/U53/ZN (AOI21_X4)                                  0.2400    21.8737 r
  U1/U3736/ZN (OAI21_X2)                                0.1371    22.0109 f
  U1/U306/ZN (AOI22_X2)                                 0.4213    22.4322 r
  U1/U3703/ZN (OAI21_X2)                                0.1671    22.5993 f
  U1/U377/ZN (AOI21_X2)                                 0.3298    22.9291 r
  U1/U3314/ZN (INV_X4)                                  0.1576    23.0867 f
  U1/U1/U3/u_mx_PartRem_0_21_2/Z (MUX2_X2)              0.3375    23.4242 r
  U1/U1574/ZN (NOR2_X2)                                 0.0794    23.5036 f
  U1/U3715/ZN (INV_X4)                                  0.0941    23.5978 r
  U1/U3659/ZN (OAI211_X2)                               0.1231    23.7209 f
  U1/U3658/ZN (OAI211_X2)                               0.3120    24.0328 r
  U1/U59/ZN (AND3_X4)                                   0.2190    24.2518 r
  U1/U3837/ZN (OAI21_X2)                                0.0705    24.3223 f
  U1/U7/ZN (AOI21_X2)                                   0.1563    24.4787 r
  U1/U3832/ZN (NOR2_X2)                                 0.1259    24.6045 f
  U1/U172/ZN (OR4_X2)                                   0.6558    25.2603 f
  U1/U1899/ZN (OAI211_X4)                               0.2288    25.4891 r
  U1/U113/ZN (AOI221_X2)                                0.1261    25.6153 f
  U1/U494/ZN (INV_X4)                                   0.0883    25.7035 r
  U1/U3607/ZN (AOI21_X2)                                0.0854    25.7889 f
  U1/U451/ZN (OAI21_X4)                                 0.2362    26.0251 r
  U1/U3354/ZN (AOI22_X2)                                0.1492    26.1743 f
  U1/U317/ZN (OAI21_X2)                                 0.3356    26.5099 r
  U1/U3377/ZN (AOI21_X2)                                0.1374    26.6474 f
  U1/U348/ZN (INV_X4)                                   0.4308    27.0781 r
  U1/U1/U3/u_mx_PartRem_0_20_2/Z (MUX2_X2)              0.8296    27.9077 f
  U1/U91/ZN (NOR2_X2)                                   0.2595    28.1672 r
  U1/U3687/ZN (INV_X4)                                  0.0456    28.2128 f
  U1/U3776/ZN (OAI211_X2)                               0.2502    28.4631 r
  U1/U179/ZN (OAI211_X2)                                0.1877    28.6508 f
  U1/U1741/ZN (AND3_X2)                                 0.2822    28.9329 f
  U1/U3822/ZN (OAI21_X2)                                0.2318    29.1647 r
  U1/U471/ZN (AOI21_X2)                                 0.0972    29.2619 f
  U1/U244/ZN (NOR2_X2)                                  0.2842    29.5461 r
  U1/U4318/ZN (OR4_X2)                                  0.2525    29.7985 r
  U1/U188/ZN (OAI211_X2)                                0.1377    29.9362 f
  U1/U61/ZN (AOI221_X4)                                 0.2733    30.2096 r
  U1/U269/ZN (INV_X4)                                   0.0584    30.2679 f
  U1/U119/ZN (AOI21_X2)                                 0.2594    30.5273 r
  U1/U3740/ZN (OAI21_X2)                                0.1520    30.6793 f
  U1/U305/ZN (AOI22_X2)                                 0.4266    31.1059 r
  U1/U3704/ZN (OAI21_X2)                                0.1614    31.2673 f
  U1/U379/ZN (AOI21_X2)                                 0.3285    31.5959 r
  U1/U3318/ZN (INV_X4)                                  0.1576    31.7535 f
  U1/U1/U3/u_mx_PartRem_0_19_2/Z (MUX2_X2)              0.3375    32.0910 r
  U1/U1862/ZN (NOR2_X2)                                 0.0735    32.1645 f
  U1/U331/ZN (INV_X2)                                   0.1181    32.2827 r
  U1/U230/ZN (OAI211_X2)                                0.1290    32.4116 f
  U1/U3778/ZN (OAI211_X2)                               0.3129    32.7245 r
  U1/U1856/ZN (AND3_X2)                                 0.2473    32.9718 r
  U1/U3679/ZN (OAI21_X2)                                0.0852    33.0570 f
  U1/U54/ZN (AOI21_X4)                                  0.1368    33.1938 r
  U1/U3674/ZN (NOR2_X2)                                 0.1179    33.3117 f
  U1/U4209/ZN (OR4_X2)                                  0.6266    33.9382 f
  U1/U842/ZN (OAI211_X2)                                0.2743    34.2126 r
  U1/U268/ZN (AOI221_X2)                                0.1408    34.3534 f
  U1/U767/ZN (INV_X4)                                   0.0946    34.4480 r
  U1/U3608/ZN (AOI21_X2)                                0.0868    34.5348 f
  U1/U452/ZN (OAI21_X4)                                 0.2362    34.7710 r
  U1/U3357/ZN (AOI22_X2)                                0.1492    34.9202 f
  U1/U316/ZN (OAI21_X2)                                 0.3356    35.2558 r
  U1/U741/ZN (AOI21_X2)                                 0.1374    35.3932 f
  U1/U3334/ZN (INV_X4)                                  0.4308    35.8240 r
  U1/U1/U3/u_mx_PartRem_0_18_2/Z (MUX2_X2)              0.8296    36.6536 f
  U1/U86/ZN (NOR2_X2)                                   0.2595    36.9131 r
  U1/U3631/ZN (INV_X4)                                  0.0456    36.9586 f
  U1/U3779/ZN (OAI211_X2)                               0.2502    37.2089 r
  U1/U177/ZN (OAI211_X2)                                0.1877    37.3966 f
  U1/U1971/ZN (AND3_X2)                                 0.2822    37.6788 f
  U1/U3845/ZN (OAI21_X2)                                0.2318    37.9105 r
  U1/U473/ZN (AOI21_X2)                                 0.1121    38.0226 f
  U1/U20/ZN (NOR2_X4)                                   0.2185    38.2411 r
  U1/U19/ZN (OR4_X1)                                    0.2444    38.4855 r
  U1/U3635/ZN (OAI211_X2)                               0.1398    38.6253 f
  U1/U266/ZN (AOI221_X2)                                0.3080    38.9333 r
  U1/U954/ZN (INV_X4)                                   0.0583    38.9916 f
  U1/U118/ZN (AOI21_X2)                                 0.2617    39.2533 r
  U1/U121/ZN (OAI21_X2)                                 0.1651    39.4184 f
  U1/U166/ZN (AOI22_X4)                                 0.3885    39.8069 r
  U1/U3708/ZN (OAI21_X2)                                0.1474    39.9543 f
  U1/U380/ZN (AOI21_X2)                                 0.3238    40.2781 r
  U1/U3317/ZN (INV_X4)                                  0.1576    40.4358 f
  U1/U1/U3/u_mx_PartRem_0_17_2/Z (MUX2_X2)              0.3375    40.7733 r
  U1/U2092/ZN (NOR2_X2)                                 0.0794    40.8527 f
  U1/U3602/ZN (INV_X4)                                  0.0941    40.9468 r
  U1/U3781/ZN (OAI211_X2)                               0.1231    41.0699 f
  U1/U3780/ZN (OAI211_X2)                               0.3129    41.3828 r
  U1/U2086/ZN (AND3_X2)                                 0.2473    41.6301 r
  U1/U3843/ZN (OAI21_X2)                                0.0760    41.7061 f
  U1/U3841/ZN (AOI21_X2)                                0.1563    41.8624 r
  U1/U3838/ZN (NOR2_X2)                                 0.1259    41.9883 f
  U1/U139/ZN (OR4_X2)                                   0.6558    42.6441 f
  U1/U959/ZN (OAI211_X4)                                0.2234    42.8674 r
  U1/U109/ZN (AOI221_X2)                                0.1245    42.9919 f
  U1/U498/ZN (INV_X4)                                   0.0883    43.0801 r
  U1/U3609/ZN (AOI21_X2)                                0.0854    43.1656 f
  U1/U453/ZN (OAI21_X4)                                 0.2362    43.4018 r
  U1/U3362/ZN (AOI22_X2)                                0.1492    43.5509 f
  U1/U315/ZN (OAI21_X2)                                 0.3356    43.8866 r
  U1/U744/ZN (AOI21_X2)                                 0.1374    44.0240 f
  U1/U3338/ZN (INV_X4)                                  0.4308    44.4548 r
  U1/U1/U3/u_mx_PartRem_0_16_2/Z (MUX2_X2)              0.8296    45.2843 f
  U1/U83/ZN (NOR2_X2)                                   0.2595    45.5439 r
  U1/U3574/ZN (INV_X4)                                  0.0456    45.5894 f
  U1/U3782/ZN (OAI211_X2)                               0.2502    45.8397 r
  U1/U176/ZN (OAI211_X2)                                0.1877    46.0274 f
  U1/U2201/ZN (AND3_X2)                                 0.2822    46.3096 f
  U1/U3846/ZN (OAI21_X2)                                0.2318    46.5413 r
  U1/U474/ZN (AOI21_X2)                                 0.0972    46.6385 f
  U1/U243/ZN (NOR2_X2)                                  0.2842    46.9227 r
  U1/U4210/ZN (OR4_X2)                                  0.2525    47.1751 r
  U1/U631/ZN (OAI211_X2)                                0.1414    47.3166 f
  U1/U14/ZN (AOI221_X4)                                 0.2744    47.5909 r
  U1/U439/ZN (INV_X4)                                   0.0584    47.6493 f
  U1/U117/ZN (AOI21_X2)                                 0.2594    47.9087 r
  U1/U120/ZN (OAI21_X2)                                 0.1520    48.0607 f
  U1/U329/ZN (AOI22_X2)                                 0.4266    48.4873 r
  U1/U3710/ZN (OAI21_X2)                                0.1614    48.6487 f
  U1/U381/ZN (AOI21_X2)                                 0.3285    48.9773 r
  U1/U3320/ZN (INV_X4)                                  0.1576    49.1349 f
  U1/U1/U3/u_mx_PartRem_0_15_2/Z (MUX2_X2)              0.3375    49.4724 r
  U1/U2322/ZN (NOR2_X2)                                 0.0794    49.5519 f
  U1/U3546/ZN (INV_X4)                                  0.0941    49.6460 r
  U1/U3786/ZN (OAI211_X2)                               0.1231    49.7691 f
  U1/U3783/ZN (OAI211_X2)                               0.3129    50.0820 r
  U1/U2316/ZN (AND3_X2)                                 0.2473    50.3293 r
  U1/U3830/ZN (OAI21_X2)                                0.0852    50.4145 f
  U1/U68/ZN (AOI21_X4)                                  0.1368    50.5512 r
  U1/U3829/ZN (NOR2_X2)                                 0.1179    50.6691 f
  U1/U4213/ZN (OR4_X2)                                  0.6266    51.2957 f
  U1/U696/ZN (OAI211_X2)                                0.2854    51.5811 r
  U1/U265/ZN (AOI221_X2)                                0.1442    51.7253 f
  U1/U650/ZN (INV_X4)                                   0.0963    51.8216 r
  U1/U3654/ZN (AOI21_X2)                                0.0871    51.9087 f
  U1/U454/ZN (OAI21_X4)                                 0.2362    52.1449 r
  U1/U3355/ZN (AOI22_X2)                                0.1492    52.2941 f
  U1/U313/ZN (OAI21_X2)                                 0.3356    52.6297 r
  U1/U746/ZN (AOI21_X2)                                 0.1374    52.7671 f
  U1/U349/ZN (INV_X4)                                   0.4309    53.1980 r
  U1/U1/U3/u_mx_PartRem_0_14_2/Z (MUX2_X2)              0.8541    54.0521 f
  U1/U154/ZN (NOR2_X4)                                  0.2170    54.2691 r
  U1/U3519/ZN (INV_X4)                                  0.0413    54.3104 f
  U1/U98/ZN (OAI211_X2)                                 0.2455    54.5558 r
  U1/U153/ZN (OAI211_X2)                                0.1878    54.7437 f
  U1/U4434/ZN (AND3_X4)                                 0.2992    55.0428 f
  U1/U3663/ZN (OAI21_X2)                                0.2337    55.2765 r
  U1/U4339/ZN (AOI21_X2)                                0.0972    55.3737 f
  U1/U3660/ZN (NOR2_X2)                                 0.2841    55.6578 r
  U1/U168/ZN (OR4_X4)                                   0.2469    55.9047 r
  U1/U107/ZN (OAI211_X2)                                0.1244    56.0291 f
  U1/U264/ZN (AOI221_X2)                                0.3002    56.3292 r
  U1/U620/ZN (INV_X4)                                   0.0583    56.3875 f
  U1/U116/ZN (AOI21_X2)                                 0.2617    56.6492 r
  U1/U3742/ZN (OAI21_X2)                                0.1520    56.8012 f
  U1/U304/ZN (AOI22_X2)                                 0.4266    57.2278 r
  U1/U3716/ZN (OAI21_X2)                                0.1671    57.3949 f
  U1/U383/ZN (AOI21_X2)                                 0.3298    57.7247 r
  U1/U3326/ZN (INV_X4)                                  0.1576    57.8823 f
  U1/U1/U3/u_mx_PartRem_0_13_2/Z (MUX2_X2)              0.3375    58.2198 r
  U1/U2552/ZN (NOR2_X2)                                 0.0794    58.2993 f
  U1/U3490/ZN (INV_X4)                                  0.0941    58.3934 r
  U1/U3788/ZN (OAI211_X2)                               0.1231    58.5165 f
  U1/U3787/ZN (OAI211_X2)                               0.3129    58.8294 r
  U1/U2546/ZN (AND3_X2)                                 0.2473    59.0767 r
  U1/U4261/ZN (OAI21_X2)                                0.0760    59.1527 f
  U1/U239/ZN (AOI21_X2)                                 0.1563    59.3090 r
  U1/U464/ZN (NOR2_X2)                                  0.1259    59.4348 f
  U1/U4408/ZN (OR4_X2)                                  0.6289    60.0637 f
  U1/U697/ZN (OAI211_X2)                                0.2854    60.3492 r
  U1/U262/ZN (AOI221_X2)                                0.1442    60.4934 f
  U1/U658/ZN (INV_X4)                                   0.0963    60.5897 r
  U1/U3612/ZN (AOI21_X2)                                0.0871    60.6768 f
  U1/U456/ZN (OAI21_X4)                                 0.2362    60.9130 r
  U1/U3364/ZN (AOI22_X2)                                0.1492    61.0621 f
  U1/U312/ZN (OAI21_X2)                                 0.3356    61.3978 r
  U1/U3373/ZN (AOI21_X2)                                0.1374    61.5352 f
  U1/U356/ZN (INV_X4)                                   0.4366    61.9718 r
  U1/U1/U3/u_mx_PartRem_0_12_2/Z (MUX2_X2)              0.8300    62.8018 f
  U1/U2667/ZN (NOR2_X2)                                 0.2595    63.0613 r
  U1/U3462/ZN (INV_X4)                                  0.0456    63.1069 f
  U1/U3816/ZN (OAI211_X2)                               0.2502    63.3571 r
  U1/U3813/ZN (OAI211_X2)                               0.1878    63.5449 f
  U1/U4429/ZN (AND3_X4)                                 0.2992    63.8441 f
  U1/U238/ZN (OAI21_X2)                                 0.2337    64.0778 r
  U1/U862/ZN (AOI21_X2)                                 0.0972    64.1749 f
  U1/U101/ZN (NOR2_X2)                                  0.2841    64.4591 r
  U1/U4404/ZN (OR4_X4)                                  0.2622    64.7212 r
  U1/U1900/ZN (OAI211_X4)                               0.1085    64.8298 f
  U1/U108/ZN (AOI221_X2)                                0.3083    65.1381 r
  U1/U409/ZN (INV_X4)                                   0.0773    65.2154 f
  U1/U27/ZN (AOI21_X4)                                  0.1669    65.3822 r
  U1/U837/ZN (OAI21_X2)                                 0.1371    65.5194 f
  U1/U3366/ZN (AOI22_X2)                                0.4210    65.9404 r
  U1/U834/ZN (OAI21_X2)                                 0.1614    66.1018 f
  U1/U3374/ZN (AOI21_X2)                                0.3285    66.4304 r
  U1/U798/ZN (INV_X4)                                   0.1576    66.5880 f
  U1/U1/U3/u_mx_PartRem_0_11_2/Z (MUX2_X2)              0.3375    66.9255 r
  U1/U888/ZN (NOR2_X2)                                  0.0868    67.0124 f
  U1/U3434/ZN (INV_X4)                                  0.0973    67.1097 r
  U1/U3791/ZN (OAI211_X2)                               0.1323    67.2420 f
  U1/U1716/ZN (OAI211_X4)                               0.2651    67.5071 r
  U1/U2776/ZN (AND3_X2)                                 0.2290    67.7362 r
  U1/U3680/ZN (OAI21_X2)                                0.0756    67.8117 f
  U1/U97/ZN (AOI21_X2)                                  0.1563    67.9680 r
  U1/U96/ZN (NOR2_X2)                                   0.1259    68.0939 f
  U1/U4301/ZN (OR4_X2)                                  0.6289    68.7228 f
  U1/U3642/ZN (OAI211_X2)                               0.2612    68.9840 r
  U1/U3511/ZN (INV_X4)                                  0.0782    69.0622 f
  U1/U156/ZN (OAI221_X4)                                0.2425    69.3047 r
  U1/U21/ZN (AOI21_X4)                                  0.1487    69.4534 f
  U1/U3745/ZN (OAI21_X2)                                0.2776    69.7310 r
  U1/U809/ZN (AOI22_X2)                                 0.1629    69.8939 f
  U1/U3719/ZN (OAI21_X2)                                0.3356    70.2295 r
  U1/U814/ZN (AOI21_X2)                                 0.1460    70.3755 f
  U1/U3329/ZN (INV_X4)                                  0.2237    70.5993 r
  U1/U1/U3/u_mx_PartRem_0_10_2/Z (MUX2_X2)              0.8079    71.4071 f
  U1/U191/ZN (NOR2_X2)                                  0.2595    71.6666 r
  U1/U3406/ZN (INV_X4)                                  0.0456    71.7122 f
  U1/U3686/ZN (OAI211_X2)                               0.2502    71.9625 r
  U1/U3682/ZN (OAI211_X2)                               0.1877    72.1502 f
  U1/U185/ZN (AND3_X2)                                  0.2822    72.4323 f
  U1/U4338/ZN (OAI21_X2)                                0.2318    72.6641 r
  U1/U882/ZN (AOI21_X2)                                 0.0972    72.7613 f
  U1/U94/ZN (NOR2_X2)                                   0.2842    73.0455 r
  U1/U4361/ZN (OR4_X2)                                  0.2524    73.2979 r
  U1/U844/ZN (OAI211_X2)                                0.1309    73.4288 f
  U1/U3500/ZN (INV_X4)                                  0.1139    73.5427 r
  U1/U820/ZN (OAI221_X2)                                0.1074    73.6501 f
  U1/U55/ZN (AOI21_X4)                                  0.2486    73.8987 r
  U1/U147/ZN (OAI21_X4)                                 0.1297    74.0284 f
  U1/U145/ZN (AOI22_X2)                                 0.4196    74.4480 r
  U1/U835/ZN (OAI21_X2)                                 0.1614    74.6094 f
  U1/U350/ZN (AOI21_X2)                                 0.3566    74.9660 r
  U1/U3342/ZN (INV_X4)                                  0.0768    75.0428 f
  U1/U1/U3/u_mx_PartRem_0_9_2/Z (MUX2_X2)               0.3239    75.3667 r
  U1/U890/ZN (NOR2_X2)                                  0.0794    75.4461 f
  U1/U3378/ZN (INV_X4)                                  0.0941    75.5402 r
  U1/U3688/ZN (OAI211_X2)                               0.1231    75.6633 f
  U1/U82/ZN (OAI211_X2)                                 0.3129    75.9762 r
  U1/U300/ZN (AND3_X2)                                  0.2473    76.2235 r
  U1/U852/ZN (OAI21_X2)                                 0.0760    76.2995 f
  U1/U222/ZN (AOI21_X2)                                 0.1563    76.4558 r
  U1/U856/ZN (NOR2_X2)                                  0.1259    76.5816 f
  U1/U10/ZN (OR4_X2)                                    0.6289    77.2106 f
  U1/U78/ZN (OAI211_X2)                                 0.2612    77.4717 r
  U1/U79/ZN (INV_X4)                                    0.0782    77.5500 f
  U1/U75/ZN (OAI221_X4)                                 0.2425    77.7925 r
  U1/U157/ZN (AOI21_X4)                                 0.1487    77.9412 f
  U1/U3748/ZN (OAI21_X2)                                0.2776    78.2187 r
  U1/U811/ZN (AOI22_X2)                                 0.1629    78.3817 f
  U1/U3720/ZN (OAI21_X2)                                0.3559    78.7376 r
  U1/U816/ZN (AOI21_X2)                                 0.1522    78.8898 f
  U1/U3321/ZN (INV_X4)                                  0.2251    79.1150 r
  U1/U2929/ZN (AND2_X4)                                 0.2260    79.3410 r
  U1/U3353/ZN (INV_X4)                                  0.0334    79.3743 f
  U1/U220/ZN (OAI21_X2)                                 0.3083    79.6827 r
  U1/U3692/ZN (OAI211_X2)                               0.1928    79.8755 f
  U1/U3691/ZN (OAI211_X2)                               0.3129    80.1883 r
  U1/U415/ZN (AND3_X2)                                  0.2473    80.4357 r
  U1/U3603/ZN (OAI21_X2)                                0.0760    80.5116 f
  U1/U3601/ZN (AOI21_X2)                                0.1563    80.6679 r
  U1/U4237/ZN (NOR2_X2)                                 0.1259    80.7938 f
  U1/U4233/ZN (OR4_X2)                                  0.6289    81.4227 f
  U1/U845/ZN (OAI211_X2)                                0.2723    81.6950 r
  U1/U3514/ZN (INV_X4)                                  0.0854    81.7803 f
  U1/U18/ZN (OAI221_X4)                                 0.2301    82.0105 r
  U1/U17/ZN (AOI21_X4)                                  0.1221    82.1326 f
  U1/U839/ZN (OAI21_X2)                                 0.2894    82.4220 r
  U1/U149/ZN (AOI22_X2)                                 0.1629    82.5849 f
  U1/U81/ZN (OAI21_X2)                                  0.3356    82.9205 r
  U1/U133/ZN (AOI21_X2)                                 0.1460    83.0665 f
  U1/U77/ZN (INV_X4)                                    0.2237    83.2902 r
  U1/U1/U3/u_mx_PartRem_0_7_2/Z (MUX2_X2)               0.8079    84.0981 f
  U1/U536/ZN (NOR2_X2)                                  0.2595    84.3576 r
  U1/U861/ZN (INV_X4)                                   0.0503    84.4080 f
  U1/U1022/ZN (OAI211_X2)                               0.2511    84.6590 r
  U1/U3694/ZN (OAI211_X2)                               0.1877    84.8468 f
  U1/U41/ZN (AND3_X1)                                   0.2617    85.1085 f
  U1/U830/ZN (OAI21_X1)                                 0.2953    85.4037 r
  U1/U4340/ZN (AOI21_X2)                                0.1079    85.5116 f
  U1/U1024/ZN (NOR2_X2)                                 0.2905    85.8021 r
  U1/U4356/ZN (OR4_X2)                                  0.2795    86.0816 r
  U1/U43/ZN (OAI211_X4)                                 0.1249    86.2065 f
  U1/U42/ZN (INV_X8)                                    0.1079    86.3144 r
  U1/U76/ZN (OAI221_X4)                                 0.0930    86.4075 f
  U1/U160/ZN (AOI21_X4)                                 0.2265    86.6340 r
  U1/U3749/ZN (OAI21_X2)                                0.1371    86.7711 f
  U1/U813/ZN (AOI22_X2)                                 0.4213    87.1924 r
  U1/U3723/ZN (OAI21_X2)                                0.1614    87.3538 f
  U1/U818/ZN (AOI21_X2)                                 0.3285    87.6824 r
  U1/U3322/ZN (INV_X4)                                  0.1576    87.8400 f
  U1/U1/U3/u_mx_PartRem_0_6_2/Z (MUX2_X2)               0.3375    88.1776 r
  U1/U651/ZN (NOR2_X2)                                  0.0794    88.2570 f
  U1/U3294/ZN (INV_X4)                                  0.0941    88.3511 r
  U1/U3797/ZN (OAI211_X2)                               0.1231    88.4742 f
  U1/U3793/ZN (OAI211_X2)                               0.3129    88.7871 r
  U1/U645/ZN (AND3_X2)                                  0.2473    89.0344 r
  U1/U3847/ZN (OAI21_X2)                                0.0852    89.1196 f
  U1/U50/ZN (AOI21_X4)                                  0.1576    89.2772 r
  U1/U49/ZN (NOR2_X4)                                   0.1040    89.3811 f
  U1/U4351/ZN (OR4_X2)                                  0.6242    90.0054 f
  U1/U850/ZN (OAI211_X2)                                0.2612    90.2665 r
  U1/U3512/ZN (INV_X4)                                  0.0663    90.3328 f
  U1/U821/ZN (OAI221_X2)                                0.2575    90.5904 r
  U1/U114/ZN (AOI21_X2)                                 0.1867    90.7771 f
  U1/U151/ZN (OAI21_X4)                                 0.2558    91.0329 r
  U1/U150/ZN (AOI22_X2)                                 0.1492    91.1821 f
  U1/U832/ZN (OAI21_X2)                                 0.3559    91.5380 r
  U1/U691/ZN (AOI21_X2)                                 0.1603    91.6983 f
  U1/U311/ZN (INV_X4)                                   0.4113    92.1096 r
  U1/U4193/ZN (NAND2_X2)                                0.1318    92.2414 f
  U1/U259/ZN (OAI21_X2)                                 0.3523    92.5937 r
  U1/U1020/ZN (OAI211_X2)                               0.2033    92.7970 f
  U1/U46/ZN (OAI211_X4)                                 0.2652    93.0622 r
  U1/U4397/ZN (AND3_X4)                                 0.2257    93.2880 r
  U1/U632/ZN (OAI21_X2)                                 0.0696    93.3576 f
  U1/U257/ZN (AOI21_X2)                                 0.1564    93.5140 r
  U1/U3664/ZN (NOR2_X2)                                 0.1259    93.6398 f
  U1/U165/ZN (OR4_X2)                                   0.6558    94.2956 f
  U1/U164/ZN (OAI211_X4)                                0.2168    94.5124 r
  U1/U3518/ZN (INV_X4)                                  0.0709    94.5833 f
  U1/U70/ZN (OAI221_X4)                                 0.2381    94.8214 r
  U1/U69/ZN (AOI21_X4)                                  0.1487    94.9701 f
  U1/U728/ZN (OAI21_X2)                                 0.2951    95.2652 r
  U1/U726/ZN (NAND2_X2)                                 0.0942    95.3594 f
  U1/U615/ZN (AND2_X2)                                  0.2302    95.5896 f
  U1/U729/ZN (OAI21_X2)                                 0.2657    95.8553 r
  U1/U3379/ZN (AOI21_X2)                                0.1372    95.9925 f
  U1/U346/ZN (INV_X4)                                   0.4308    96.4233 r
  U1/U1/U3/u_mx_PartRem_0_4_2/Z (MUX2_X2)               0.8296    97.2529 f
  U1/U881/ZN (NOR2_X2)                                  0.2315    97.4845 r
  U1/U634/ZN (INV_X2)                                   0.0675    97.5520 f
  U1/U1021/ZN (OAI211_X2)                               0.2521    97.8040 r
  U1/U3752/ZN (OAI211_X2)                               0.1878    97.9919 f
  U1/U4245/ZN (AND3_X4)                                 0.2894    98.2813 f
  U1/U271/ZN (OAI21_X2)                                 0.2337    98.5149 r
  U1/U629/ZN (AOI21_X2)                                 0.0972    98.6121 f
  U1/U4276/ZN (NOR2_X2)                                 0.2842    98.8963 r
  U1/U4295/ZN (OR4_X2)                                  0.2524    99.1487 r
  U1/U3624/ZN (OAI211_X2)                               0.1296    99.2784 f
  U1/U275/ZN (AOI221_X2)                                0.3092    99.5875 r
  U1/U623/ZN (INV_X4)                                   0.0735    99.6610 f
  U1/U626/ZN (AOI21_X4)                                 0.2375    99.8985 r
  U1/U74/ZN (OAI21_X4)                                  0.1340   100.0326 f
  U1/U73/ZN (AOI22_X4)                                  0.3792   100.4118 r
  U1/U3724/ZN (OAI21_X2)                                0.1525   100.5643 f
  U1/U689/ZN (AOI21_X2)                                 0.3227   100.8870 r
  U1/U3323/ZN (INV_X4)                                  0.1572   101.0442 f
  U1/U1/U3/u_mx_PartRem_0_3_2/Z (MUX2_X2)               0.3372   101.3815 r
  U1/U2917/ZN (NOR2_X2)                                 0.0794   101.4609 f
  U1/U3210/ZN (INV_X4)                                  0.0941   101.5550 r
  U1/U3805/ZN (OAI211_X2)                               0.1231   101.6781 f
  U1/U3802/ZN (OAI211_X2)                               0.3129   101.9910 r
  U1/U2911/ZN (AND3_X2)                                 0.2473   102.2383 r
  U1/U3606/ZN (OAI21_X2)                                0.0852   102.3235 f
  U1/U45/ZN (AOI21_X4)                                  0.1368   102.4603 r
  U1/U2905/ZN (NOR2_X2)                                 0.1179   102.5782 f
  U1/U4214/ZN (OR4_X2)                                  0.6534   103.2316 f
  U1/U72/ZN (OAI211_X4)                                 0.2168   103.4484 r
  U1/U3503/ZN (INV_X4)                                  0.0709   103.5193 f
  U1/U58/ZN (OAI221_X4)                                 0.2381   103.7574 r
  U1/U57/ZN (AOI21_X4)                                  0.1579   103.9153 f
  U1/U48/ZN (OAI21_X4)                                  0.2374   104.1526 r
  U1/U934/ZN (NAND2_X2)                                 0.0823   104.2350 f
  U1/U935/ZN (AND2_X4)                                  0.2404   104.4753 f
  U1/U936/ZN (OAI21_X2)                                 0.2663   104.7416 r
  U1/U3376/ZN (AOI21_X2)                                0.1370   104.8786 f
  U1/U347/ZN (INV_X4)                                   0.4306   105.3093 r
  U1/U1/U3/u_mx_PartRem_0_2_2/Z (MUX2_X2)               0.8296   106.1388 f
  U1/U2975/ZN (NOR2_X2)                                 0.2315   106.3704 r
  U1/U491/ZN (INV_X2)                                   0.0675   106.4379 f
  U1/U302/ZN (OAI211_X2)                                0.2521   106.6900 r
  U1/U3762/ZN (OAI211_X2)                               0.1878   106.8778 f
  U1/U4268/ZN (AND3_X4)                                 0.3004   107.1781 f
  U1/U478/ZN (OAI21_X4)                                 0.2111   107.3892 r
  U1/U1027/ZN (AOI21_X2)                                0.0913   107.4805 f
  U1/U125/ZN (NOR2_X2)                                  0.2806   107.7611 r
  U1/U4347/ZN (OR4_X2)                                  0.2524   108.0135 r
  U1/U3630/ZN (OAI211_X2)                               0.1377   108.1512 f
  U1/U47/ZN (AOI221_X4)                                 0.2733   108.4246 r
  U1/U956/ZN (INV_X4)                                   0.0727   108.4973 f
  U1/U446/ZN (AOI21_X4)                                 0.2349   108.7322 r
  U1/U52/ZN (OAI21_X4)                                  0.1340   108.8662 f
  U1/U51/ZN (AOI22_X4)                                  0.3792   109.2455 r
  U1/U3726/ZN (OAI21_X2)                                0.1474   109.3929 f
  U1/U137/ZN (AOI21_X2)                                 0.3023   109.6952 r
  U1/U140/ZN (INV_X2)                                   0.0731   109.7684 f
  U1/U1/U3/u_mx_PartRem_0_1_2/Z (MUX2_X2)               0.3269   110.0953 f
  U1/U3035/ZN (NOR2_X2)                                 0.3057   110.4010 r
  U1/U3154/ZN (INV_X4)                                  0.0534   110.4544 f
  U1/U3766/ZN (OAI211_X2)                               0.2777   110.7321 r
  U1/U44/ZN (OAI211_X4)                                 0.1715   110.9036 f
  U1/U4392/ZN (AND3_X4)                                 0.2995   111.2031 f
  U1/U4302/ZN (OAI21_X2)                                0.2337   111.4368 r
  U1/U301/ZN (AOI21_X2)                                 0.0972   111.5340 f
  U1/U465/ZN (NOR2_X2)                                  0.2842   111.8181 r
  U1/U4300/ZN (OR4_X2)                                  0.2795   112.0977 r
  U1/U469/ZN (OAI211_X4)                                0.1211   112.2188 f
  U1/U124/ZN (AOI221_X2)                                0.3092   112.5280 r
  U1/U824/ZN (INV_X4)                                   0.0583   112.5863 f
  U1/U463/ZN (AOI21_X2)                                 0.2617   112.8480 r
  U1/U1026/ZN (OAI21_X2)                                0.1572   113.0052 f
  U1/U3370/ZN (AOI22_X2)                                0.4273   113.4325 r
  U1/U307/ZN (OAI21_X2)                                 0.1612   113.5937 f
  U1/U4419/ZN (AOI21_X2)                                0.3124   113.9061 r
  U1/U1339/ZN (INV_X8)                                  0.1679   114.0740 f
  U1/U385/ZN (AND2_X4)                                  0.2145   114.2885 f
  U1/U2940/ZN (AOI211_X1)                               0.6210   114.9095 r
  U1/U62/ZN (AND4_X4)                                   0.2626   115.1721 r
  U1/U4258/ZN (AOI21_X2)                                0.0672   115.2393 f
  U1/U65/ZN (AND2_X2)                                   0.2595   115.4988 f
  U1/U1356/ZN (AND2_X1)                                 0.1820   115.6808 f
  U1/U422/ZN (AND2_X2)                                  0.1814   115.8622 f
  U1/U368/ZN (AND2_X4)                                  0.1992   116.0614 f
  U1/U4192/ZN (NAND2_X2)                                0.0860   116.1474 r
  U1/U419/ZN (INV_X2)                                   0.0539   116.2013 f
  U1/U367/ZN (AND2_X4)                                  0.1896   116.3909 f
  U1/U374/ZN (AND2_X4)                                  0.1963   116.5873 f
  U1/U1329/ZN (AND2_X1)                                 0.1819   116.7692 f
  U1/U423/ZN (AND2_X2)                                  0.1815   116.9507 f
  U1/U366/ZN (AND2_X4)                                  0.1948   117.1455 f
  U1/U372/ZN (AND2_X4)                                  0.1963   117.3418 f
  U1/U1327/ZN (AND2_X1)                                 0.1815   117.5233 f
  U1/U364/ZN (AND2_X4)                                  0.2028   117.7261 f
  U1/U4191/ZN (NAND2_X2)                                0.0860   117.8121 r
  U1/U420/ZN (INV_X2)                                   0.0539   117.8661 f
  U1/U363/ZN (AND2_X4)                                  0.1896   118.0557 f
  U1/U370/ZN (AND2_X4)                                  0.1963   118.2520 f
  U1/U1328/ZN (AND2_X1)                                 0.1815   118.4335 f
  U1/U362/ZN (AND2_X4)                                  0.1984   118.6319 f
  U1/U136/ZN (AND2_X4)                                  0.1961   118.8280 f
  U1/U369/ZN (AND2_X4)                                  0.1963   119.0243 f
  U1/U1330/ZN (AND2_X1)                                 0.1771   119.2014 f
  U1/U1343/ZN (INV_X1)                                  0.1294   119.3309 r
  U1/U4185/ZN (XNOR2_X2)                                0.0929   119.4238 f
  U1/U1342/ZN (AND2_X2)                                 0.2129   119.6367 f
  U1/z1_reg[21]/D (DFF_X1)                              0.0000   119.6367 f
  data arrival time                                              119.6367

  clock clock (rise edge)                             120.0000   120.0000
  clock network delay (ideal)                           0.0000   120.0000
  clock uncertainty                                    -0.0500   119.9500
  U1/z1_reg[21]/CK (DFF_X1)                             0.0000   119.9500 r
  library setup time                                   -0.3083   119.6417
  data required time                                             119.6417
  --------------------------------------------------------------------------
  data required time                                             119.6417
  data arrival time                                              -119.6367
  --------------------------------------------------------------------------
  slack (MET)                                                      0.0050


1
